[19:12:05] [main/WARN]: Ambiguity between arguments [teleport, destination] and [teleport, targets] with inputs: [Player, 0123, @e, dd12be42-52a9-4a91-a8a1-11c01849e498]
[19:12:05] [main/WARN]: Ambiguity between arguments [teleport, location] and [teleport, destination] with inputs: [0.1 -0.5 .9, 0 0 0]
[19:12:05] [main/WARN]: Ambiguity between arguments [teleport, location] and [teleport, targets] with inputs: [0.1 -0.5 .9, 0 0 0]
[19:12:05] [main/WARN]: Ambiguity between arguments [teleport, targets] and [teleport, destination] with inputs: [Player, 0123, dd12be42-52a9-4a91-a8a1-11c01849e498]
[19:12:05] [main/WARN]: Ambiguity between arguments [teleport, targets, location] and [teleport, targets, destination] with inputs: [0.1 -0.5 .9, 0 0 0]
[19:12:05] [main/INFO]: Loaded 0 recipes
[19:12:05] [main/INFO]: Loaded 0 advancements
[19:12:05] [Server thread/INFO]: Starting minecraft server version 1.13.2
[19:12:05] [Server thread/INFO]: Loading properties
[19:12:05] [Server thread/INFO]: Default game type: SURVIVAL
[19:12:05] [Server thread/INFO]: Generating keypair
[19:12:06] [Server thread/INFO]: Starting Minecraft server on *:25565
[19:12:06] [Server thread/INFO]: Using default channel type
[19:12:06] [Server thread/INFO]: Preparing level "world"
[19:12:06] [Server thread/INFO]: Reloading ResourceManager: Default
[19:12:07] [Server thread/INFO]: Loaded 524 recipes
[19:12:08] [Server thread/INFO]: Loaded 571 advancements
[19:12:08] [Server thread/INFO]: Preparing start region for dimension minecraft:overworld
[19:12:08] [Server thread/INFO]: Preparing spawn area: 4%
[19:12:08] [Server thread/INFO]: Preparing spawn area: 8%
[19:12:08] [Server thread/INFO]: Preparing spawn area: 12%
[19:12:08] [Server thread/INFO]: Preparing spawn area: 16%
[19:12:08] [Server thread/INFO]: Preparing spawn area: 20%
[19:12:09] [Server thread/INFO]: Preparing spawn area: 24%
[19:12:09] [Server thread/INFO]: Preparing spawn area: 28%
[19:12:09] [Server thread/INFO]: Preparing spawn area: 32%
[19:12:10] [Server thread/INFO]: Preparing spawn area: 36%
[19:12:10] [Server thread/INFO]: Preparing spawn area: 40%
[19:12:10] [Server thread/INFO]: Preparing spawn area: 44%
[19:12:10] [Server thread/INFO]: Preparing spawn area: 48%
[19:12:10] [Server thread/INFO]: Preparing spawn area: 52%
[19:12:10] [Server thread/INFO]: Preparing spawn area: 56%
[19:12:10] [Server thread/INFO]: Preparing spawn area: 60%
[19:12:10] [Server thread/INFO]: Preparing spawn area: 64%
[19:12:10] [Server thread/INFO]: Preparing spawn area: 68%
[19:12:10] [Server thread/INFO]: Preparing spawn area: 72%
[19:12:10] [Server thread/INFO]: Preparing spawn area: 76%
[19:12:10] [Server thread/INFO]: Preparing spawn area: 80%
[19:12:10] [Server thread/INFO]: Preparing spawn area: 84%
[19:12:10] [Server thread/INFO]: Preparing spawn area: 88%
[19:12:10] [Server thread/INFO]: Preparing spawn area: 92%
[19:12:10] [Server thread/INFO]: Preparing spawn area: 96%
[19:12:10] [Server thread/INFO]: Preparing spawn area: 100%
[19:12:10] [Server thread/INFO]: Time elapsed: 2035 ms
[19:12:10] [Server thread/INFO]: Done (4.150s)! For help, type "help"
[23:14:06] [Server Shutdown Thread/INFO]: Stopping server
